Run started on Thu Mar 16 20:44:14 2023

Hostname: beau-Desktop

-------------------------------------------------------------------------------
Running make |
--------------

% /usr/bin/make ms3

STDOUT:
make: Nothing to be done for 'ms3'.


STDERR:


RETURN CODE: 0

-------------------------------------------------------------------------------
Locating GoLF compiler |
------------------------

Compiler will be run as ./golf

-------------------------------------------------------------------------------
Test: too few arguments |
-------------------------

% ./golf

STDOUT:


STDERR:
Usage: ./golf <filename>



RETURN CODE: 1

-------------------------------------------------------------------------------
Test: too many arguments |
--------------------------

% ./golf /dev/null /dev/zero

STDOUT:


STDERR:
Usage: ./golf <filename>



RETURN CODE: 1

-------------------------------------------------------------------------------
Test: nonexistent file |
------------------------

% ./golf /i/do/not/exist

STDOUT:


STDERR:
Could not open file '/i/do/not/exist': No such file or directory


RETURN CODE: 1

-------------------------------------------------------------------------------
Test: later global "int" redeclaration |
----------------------------------------

% ./golf ./ms3/check.t1

STDOUT:


STDERR:
error: expected type, got 'int' at or near line 4


RETURN CODE: 1

-------------------------------------------------------------------------------
Test: global var declaration loop |
-----------------------------------

% ./golf ./ms3/check.t2

STDOUT:


STDERR:
error: expected type, got 'int' at or near line 4


RETURN CODE: 1

-------------------------------------------------------------------------------
Test: local var version of check.t2 |
-------------------------------------

% ./golf ./ms3/check.t3

STDOUT:
milestone 3


STDERR:


RETURN CODE: 0

-------------------------------------------------------------------------------
Test: global name test |
------------------------

% ./golf ./ms3/check.t4

STDOUT:
milestone 3


STDERR:


RETURN CODE: 0

-------------------------------------------------------------------------------
Test: block scope check |
-------------------------

% ./golf ./ms3/check.t5

STDOUT:
milestone 3


STDERR:


RETURN CODE: 0

-------------------------------------------------------------------------------
Test: global var declaration, complex loop |
--------------------------------------------

% ./golf ./ms3/check.t6

STDOUT:


STDERR:
error: expected type, got 'bool' at or near line 3


RETURN CODE: 1

-------------------------------------------------------------------------------
Test: parameter scope test |
----------------------------

% ./golf ./ms3/check.t7

STDOUT:
milestone 3


STDERR:


RETURN CODE: 0

-------------------------------------------------------------------------------
Test: constants can't be changed |
----------------------------------

% ./golf ./ms3/check.t8

STDOUT:


STDERR:
error: can't assign to a constant at or near line 4


RETURN CODE: 1

-------------------------------------------------------------------------------
Test: nonexistent type name |
-----------------------------

% ./golf ./ms3/check.t9

STDOUT:


STDERR:
error: unknown name 'notthere' at or near line 3


RETURN CODE: 1

-------------------------------------------------------------------------------
Test: type name not a type |
----------------------------

% ./golf ./ms3/check.t10

STDOUT:


STDERR:
error: expected type, got 't' at or near line 4


RETURN CODE: 1

-------------------------------------------------------------------------------
Test: formal parameters need types |
------------------------------------

% ./golf ./ms3/check.t11

STDOUT:


STDERR:
error: expected type, got 'main' at or near line 6


RETURN CODE: 1

-------------------------------------------------------------------------------
Test: multiple (main) functions, same name |
--------------------------------------------

% ./golf ./ms3/check.t12

STDOUT:


STDERR:
error: 'main' redefined at or near line 7


RETURN CODE: 1

-------------------------------------------------------------------------------
Test: no main function |
------------------------

% ./golf ./ms3/check.t13

STDOUT:


STDERR:
error: missing main() function


RETURN CODE: 1

-------------------------------------------------------------------------------
Test: main can't have arguments |
---------------------------------

% ./golf ./ms3/check.t14

STDOUT:


STDERR:
error: main() can't have arguments at or near line 3


RETURN CODE: 1

-------------------------------------------------------------------------------
Test: main can't have a return value |
--------------------------------------

% ./golf ./ms3/check.t15

STDOUT:


STDERR:
error: main() can't have a return value at or near line 3


RETURN CODE: 1

-------------------------------------------------------------------------------
Test: dup check for formal parameters |
---------------------------------------

% ./golf ./ms3/check.t16

STDOUT:


STDERR:
error: 'i' redefined at or near line 7


RETURN CODE: 1

-------------------------------------------------------------------------------
Test: function call as lvalue |
-------------------------------

% ./golf ./ms3/check.t17

STDOUT:


STDERR:
error: can only assign to a variable at or near line 6


RETURN CODE: 1

-------------------------------------------------------------------------------
Test: function name as lvalue |
-------------------------------

% ./golf ./ms3/check.t18

STDOUT:


STDERR:
error: operand type mismatch for '=' at or near line 6


RETURN CODE: 1

-------------------------------------------------------------------------------
Test: humongous integer literal |
---------------------------------

% ./golf ./ms3/check.t19

STDOUT:


STDERR:
error: integer literal out of range at or near line 5


RETURN CODE: 1

-------------------------------------------------------------------------------
Test: positive integer literal out of range |
---------------------------------------------

% ./golf ./ms3/check.t20

STDOUT:


STDERR:
error: integer literal too large at or near line 6


RETURN CODE: 1

-------------------------------------------------------------------------------
Test: negative integer literal out of range |
---------------------------------------------

% ./golf ./ms3/check.t21

STDOUT:


STDERR:
error: integer literal too small at or near line 6


RETURN CODE: 1

-------------------------------------------------------------------------------
Test: "break" not inside "for" loop |
-------------------------------------

% ./golf ./ms3/check.t22

STDOUT:


STDERR:
error: break must be inside 'for' at or near line 7


RETURN CODE: 1

-------------------------------------------------------------------------------
Test: "break" in block, but not in "for" |
------------------------------------------

% ./golf ./ms3/check.t23

STDOUT:


STDERR:
error: break must be inside 'for' at or near line 5


RETURN CODE: 1

-------------------------------------------------------------------------------
Test: "break" in "if" block |
-----------------------------

% ./golf ./ms3/check.t24

STDOUT:


STDERR:
error: break must be inside 'for' at or near line 5


RETURN CODE: 1

-------------------------------------------------------------------------------
Test: missing return statement |
--------------------------------

% ./golf ./ms3/check.t25

STDOUT:


STDERR:
error: no return statement in function at or near line 6


RETURN CODE: 1

-------------------------------------------------------------------------------
Test: returning value from void function |
------------------------------------------

% ./golf ./ms3/check.t26

STDOUT:


STDERR:
error: this function can't return a value at or near line 4


RETURN CODE: 1

-------------------------------------------------------------------------------
Test: return type mismatch |
----------------------------

% ./golf ./ms3/check.t27

STDOUT:


STDERR:
error: returned value has the wrong type at or near line 7


RETURN CODE: 1

-------------------------------------------------------------------------------
Test: missing return type |
---------------------------

% ./golf ./ms3/check.t28

STDOUT:


STDERR:
error: this function must return a value at or near line 7


RETURN CODE: 1

-------------------------------------------------------------------------------
Test: "if" expr not a boolean type |
------------------------------------

% ./golf ./ms3/check.t29

STDOUT:


STDERR:
error: if expression must be boolean type at or near line 4


RETURN CODE: 1

-------------------------------------------------------------------------------
Test: "if"-"else" not a boolean type |
--------------------------------------

% ./golf ./ms3/check.t30

STDOUT:


STDERR:
error: ifelse expression must be boolean type at or near line 4


RETURN CODE: 1

-------------------------------------------------------------------------------
Test: "for" expr not a boolean type |
-------------------------------------

% ./golf ./ms3/check.t31

STDOUT:


STDERR:
error: for expression must be boolean type at or near line 10


RETURN CODE: 1

-------------------------------------------------------------------------------
Test: legit expression statements |
-----------------------------------

% ./golf ./ms3/check.t32

STDOUT:
milestone 3


STDERR:


RETURN CODE: 0

-------------------------------------------------------------------------------
Test: built-in routine check |
------------------------------

% ./golf ./ms3/check.t33

STDOUT:
milestone 3


STDERR:


RETURN CODE: 0

-------------------------------------------------------------------------------
Test: actual parameter type check |
-----------------------------------

% ./golf ./ms3/check.t34

STDOUT:


STDERR:
error: number/type of arguments doesn't match function declaration at or near line 4


RETURN CODE: 1

-------------------------------------------------------------------------------
Test: operand type mismatch |
-----------------------------

% ./golf ./ms3/check.t35

STDOUT:


STDERR:
error: operand type mismatch for '+' at or near line 10


RETURN CODE: 1

-------------------------------------------------------------------------------
Test: another actual parameter type check |
-------------------------------------------

% ./golf ./ms3/check.t36

STDOUT:


STDERR:
error: number/type of arguments doesn't match function declaration at or near line 7


RETURN CODE: 1

-------------------------------------------------------------------------------
Test: return+argument checks |
------------------------------

% ./golf ./ms3/check.t37

STDOUT:


STDERR:
error: number/type of arguments doesn't match function declaration at or near line 8


RETURN CODE: 1

-------------------------------------------------------------------------------
Test: scope check and undefined variable |
------------------------------------------

% ./golf ./ms3/check.t38

STDOUT:


STDERR:
error: unknown name 'c' at or near line 10


RETURN CODE: 1

-------------------------------------------------------------------------------
Test: redefined variable |
--------------------------

% ./golf ./ms3/check.t39

STDOUT:


STDERR:
error: 'b' redefined at or near line 13


RETURN CODE: 1

-------------------------------------------------------------------------------
Test: comparable and ordered comparisons |
------------------------------------------

% ./golf ./ms3/check.t40

STDOUT:


STDERR:
error: operand type mismatch for '>' at or near line 8


RETURN CODE: 1

-------------------------------------------------------------------------------
Test: int/bool distinction |
----------------------------

% ./golf ./ms3/check.t41

STDOUT:


STDERR:
error: operand type mismatch for '=' at or near line 5


RETURN CODE: 1

-------------------------------------------------------------------------------
Test: deep type propagation |
-----------------------------

% ./golf ./ms3/check.t42

STDOUT:
milestone 3


STDERR:


RETURN CODE: 0

-------------------------------------------------------------------------------
Test: redefining "true" and "false" |
-------------------------------------

% ./golf ./ms3/check.t43

STDOUT:
milestone 3


STDERR:


RETURN CODE: 0

-------------------------------------------------------------------------------
Test: call of non-function |
----------------------------

% ./golf ./ms3/check.t44

STDOUT:


STDERR:
error: can't call something that isn't a function at or near line 4


RETURN CODE: 1

-------------------------------------------------------------------------------
Test: type id used in wrong context |
-------------------------------------

% ./golf ./ms3/check.t45

STDOUT:


STDERR:
error: can't use type 'int' here at or near line 5


RETURN CODE: 1

Run ended on Thu Mar 16 20:44:15 2023

